[  0000000] Initializing cgroup subsys cpuset
[    0.000000] Initializing cgroup subsys cpu
[    0.000000] Initializing cgroup subsys cpuacct
[    0.000000] Linux version 4.4.0-112-generic (buildd@lgw01-amd64-0)(gcc version .4.0 20160609 (Ubuntu 5.4.0-6ubuntu1~16.04.5) ) #135-Ubuntu SMP Fri Jan 19 11:48:36 UTC 2018 (Ubuntu 4.4.0-112.135-generic 4.4.98)
[    0.000000] Command line: BOOT_IMAGE=/boot/vmlinuz-4.4.0-112-generic root=LABEL=cloudimg-rootfs ro console=tty1 console=ttyS0
[    0.000000] KERNEL supported cpus:
[    0.0000]   Intel GenuineIntel
[    0.000000]   AMD AuthenticAMD
[    0.000000]   Centaur CentaurHauls
[    0.000000] x86/fpu: xstate_offset[2]:  576, xstate_sizes[2]:  256
[    0.000000] x86/fpu: Supporting XSAVE feature 0x01: 'x87 floating point registe'
[    0.000000] x86/fpu: Supporting XSAVE feature 0x02: 'SSE registers'
[    0.000000] x86/fpu: SupportinXSVE feature 0x04: 'AVX registers'
[    0.000000] x86/fpu: Enabled xstate features 0x7, context size is 832 bytes, using 'standard' format.
[    000000] x86/fpu: Using 'lazy' FPU context switches.
[    0.000000] e820: BIOS-provided physical RAM map:
[    0.000000] BIOS-e820: [mem 0x0000000000000000-0x000000000009fbff] usable
[    0.000000] BIOS-e820: [mem 0x000000000009fc00-0x000000000009ffff] reserved
[    0.000000] BIOS-e820: [mem 0x00000000000f0000-0x00000000000fffff] reserved
[    0.000000] BIOS-e820: [mem 0x0000000000100000-0x000000003ffeffff] usable
[    0.000000] BIOS-e820: [mem 0x000000003fff0000-0x000000003fffffff] ACPI data
[    0.000000] BIOS-e820: [mem 0x00000000fffc0000-0x00000000ffffffff] reserved
[    0.000000] NX (Execute Disable) protection: active
[    0.000000] SMBIOS 2.5 present.
[    0.000000] Hypervisor detected: KVM
[    0.000000] e820: last_pfn = 0x3fff0 max_arch_pfn = 0x400000000
[    0.000000] MTRR: Disabled
[    0.000000] x86/PAT: MTRRs disabled, skipping PAT initialization too.
[    0.000000] CPU MTRRs all blank - virtualized system.
[    0.000000] x86/PAT: Configuration [0-7]: WB  WT  UC- UC  WB  WT  UC- UC  
[    0.000000] found SMP MP-table at [mem 0x0009fff0-0x0009ffff] mapped at [ffff88000009fff0]
[    0.000000] Scanning 1 areas for low memory corruption
[    0.000000] RAMDISK: [mem 0x36adc000-0x37565fff]
[    0.000000] ACPI: Early table checksum verification disabled
[    0.000000] ACPI: RSDP 0x00000000000E0000 000024 (v02 VBOX  )
[    0.000000] ACPI: XSDT 0x000000003FFF0030 00003C (v01 VBOX   VBOXXSDT 00000001 ASL  00000061)
[    0.000000] ACPI: FACP 0x000000003FFF00F0 0000F4 (v04 VBOX   VBOXFACP 00000001 ASL  00000061)
[    0.000000] ACPI: DSDT 0x000000003FFF0470 002118 (v01 VBOX   VBOXBIOS 00000002 INTL 20160108)
[  0.00000] ACPI: FACS 0x000000003FFF0200 000040
[    0.000000] ACPI: FACS 0x000000003FFF00 00040
[    0.000000] PI: APIC 0x000000003FFF0240 00005C (v02 VBOX   VBOXAPIC 00000001 ASL  00000061)
[    0.000000] ACPI: SSDT 0x000000003FFF02A0 0001CC (v01 VBOX   VBOXCPUT 00000002 INTL 20160108)
[    0.000000] No NUMA configuration found
[    0.000000] Faking a node at [mem 0x0000000000000000-0x000000003ffeffff]
[    0.000000] NODE_DATA(0) allocated [mem 0x3ffeb000-0x3ffeffff]
[    0.000000] kvm-clock: Using msrs 4b564d01 and 4b564d00
[    0.000000] kvm-clock: cpu 0, msr 0:3ffe3001, primary cpu clock
[    0.000000] kvm-clock: using sched offset of 3380122521 cycles
[    0.000000] clocksource: kvm-clock: mask: 0xffffffffffffffff max_cycles: 0x1cd42e4dffb, max_idle_ns: 881590591483 ns
[    0.000000] Zone ranges:
[    0.000000]   DMA      [mem 0x0000000000001000-0x0000000000ffffff]
[    0.000000]   DMA32    [mem 0x0000000001000000-0x000000003ffeffff]
[    0.000000]   Normal   empty
[    0.000000]   Device   empty
[    0.000000] Movable zone start for each node
[    0.000000] Early memory node ranges
[    0.000000]   node   0: [mem 0x0000000000001000-0x000000000009efff]
[    0.000000]   node   0: [mem 0x0000000000100000-0x000000003ffeffff]
[    0.000000] Initmem setup node 0 [mem 0x0000000000001000-0x000000003ffeffff]
[    0.000000] ACPI: PM-Timer IO Port: 0x4008
[    0.000000] IOAPIC[0]: apic_id 2, version 17, address 0xfec00000, GSI 0-23
[    0.000000] ACPI: INT_SRC_OVR (bus 0 bus_irq 0 global_irq 2 dfl dfl)
[    0.000000] ACPI: INT_SRC_OVR (bus 0 bus_irq 9 global_irq 9 high level)
[    0.000000] Using ACPI (MADT) for SMP configuration information
[    0.000000] smpboot: Allowing 2 CPUs, 0 hotplug CPUs
[    0.000000] PM: Registered nosave memory: [mem 0x00000000-0x00000fff]
[    0.000000] PM: Registered nosave memory: [mem 0x0009f000-0x0009ffff]
[    0.000000] PM: Registered nosave memory: [mem 0x000a0000-0x000effff]
[    0.000000] PM: Registered nosave memory: [mem 0x000f0000-0x000fffff]
[    0.000000] e820: [m x40000000-0xfffbffff] available for PCI devices
[    0.000000] Booting paravirtualized kernel on KVM
[  0.00000] clocksource: refined-jiffies: mask: 0xffffffff max_cycles: 0xffffffff, max_idle_ns: 645519600211568 ns
[    0.000000] setup_percpu: NR_CPUS:512 nr_cpumask_bits:512 nr_cpu_ids:2 nr_node_ids:1
[    0.000000] PERCPU: Embedded 34 pages/cpu @ffff88003fc00000 s99544 r8192 d318 1048576
[    0.000000] PV qspinlock hash table entries: 256 (order: 0, 4096 bytes)
[    0.000000] Built 1 zonelists in Node order, mobility grouping on.  Total pages: 257913
[    0.000000] Policy zone: DMA32
[    0.000000] Kernel command line: BOOT_IMAGE=/boot/vmlinuz-4.4.0-112-generic root=LABEL=cloudimg-rootfs ro console=tty1 console=ttyS0
[    0.000000] PID hash table entries: 4096 (order: 3, 32768 bytes)
[    0.000000] Memory: 1001740K/1048120K available (8499K kernel code, 1309K rwdata, 3988K rodata, 1508K init, 1316K bss, 46380K reserved, 0K cma-reserved)
[    0.000000] SLUB: HWalign=64, Order=0-3, MinObjects=0, CPUs=2, Nodes=1
[    0.000000] Kernel/User page tables isolation: enabled
[    0.000000] Hierarchical RCU implementation.
[    0.000000] 	Build-time adjustment of leaf fanout to 64.
[    0.000000] 	RCU restricting CPUs from NR_CPUS=512 to nr_cpu_ids=2.
[    0.000000] RCU: Adjusting geometry for rcu_fanout_leaf=64, nr_cpu_ids=2
[    0.000000] NR_IRQS:33024 nr_irqs:440 16
[    0.000000] Conole: colurVGA+ 80x25
[    0.000000] console [tty1] enabled
[    0.000000] console [ttyS0] enabled
[    0.000000] tsc: Detected 2693.904 MHz processor
[    2.866207] Calibrating delay loop (skipped) preset value.. 5387.80 BogoMIPS (lpj=10775616)
[    2.868051] pid_max: default: 32768 minimum: 301
[    2.898750] ACPI: Core revision 20150930
[    2.900618] ACPI: 2 ACPI AML tables successfully acquired and loaded
[    2.956553] Security Framework initialized
[    2.974737] Yama: becoming mindful.
[    2.975533] AppArmor: AppArmor initialized
[    2.976453] Dentry cache hash table entries: 131072 (order: 8, 1048576 bytes)
[    3.028725] Inode-cache hash table entries: 65536 (order: 7, 524288 bytes)
[    3.032368] Mount-cache hash table entries: 2048 (order: 2, 16384 bytes)
[    3.038893] Mountpoint-cache hash table entries: 2048 (order: 2, 16384 bytes)
[    3.040305] Initializing cgroup subsys io
[    3.041157] Initializing cgroup subsys memory
[    3.042030] Initializing cgroup subsys devices
[    3.042889] Initializing cgroup subsys freezer
[    3.043803] Initializing cgroup subsys net_cls
[    3.044669] Initializing cgroup subsys perf_event
[    3.059804] Initializing cgroup subsys net_prio
[    3.060679] Initializing cgroup subsys hugetlb
[    3.074691] Initializing cgroup subsys pids
[    3.112155] CPU: Physical Processor ID: 0
[    3.114856] CPU: Processor Core ID: 0
[    3.115618] FEATURE SPEC_CTRL Not Present
[    3.122093] mce: CPU supports 0 MCE banks
[    3.144795] Last level iTLB entries: 4KB 512, 2MB 8, 4MB 8
[    3.145803] Last level dTLB entries: 4KB 512, 2MB 32, 4MB 32, 1GB 0
[    3.149169] Freeing SMP alternatives memory: 32K
[    3.158895] ftrace: allocating 32180 entries in 126 pages
[    3.225622] smpboot: APIC(0) Converting physical 0 to logical package 0
[    3.254556] smpboot: Max logical packages: 1
[    3.256792] ..TIMER: vector=0x30 apic1=0 pin1=2 apic2=-1 pin2=-1
[    3.362674] smpboot: CPU0: Intel(R) Core(TM) i5-3330S CPU @ 2.70GHz (family: 0x6, model: 0x3a, stepping: 0x9)
[    3.392308] Performance Events: unsupported p6 CPU model 58 no PMU driver, software events only.
[    3.394226] KVM setup paravirtual spinlock
[    3.395804] x86: Booting SMP configuration:
[    3.396633] .... node  #0, CPUs:      #1
[    3.397624] kvm-clock: cpu 1, msr 0:3ffe3041, secondary cpu clock
[    3.398795] mce: CPU supports 0 MCE banks
[    3.401283] x86: Booted up 1 node, 2 CPUs
[    3.405090] smpboot: Total of 2 processors activated (10775.61 BogoMIPS)
[    3.406754] devtmpfs: initialized
[    3.409279] evm: security.selinux
[    3.447144] evm: security.SMACK64
[    3.447845] evm: security.SMACK64EXEC
[    3.448583] evm: security.SMACK64TRANSMUTE
[    3.449414] evm: security.SMACK64MMAP
[    3.450214] evm: security.ima
[    3.450920] evm: security.capability
[    3.475131] clocksource: jiffies: mask: 0xffffffff max_cycles: 0xffffffff, max_idle_ns: 7645041785100000 ns
[    3.476913] futex hash table entries: 512 (order: 3, 32768 bytes)
[    3.478147] pinctrl core: initialized pinctrl subsystem
[    3.479232] RTC time: 12:20:19, date: 02/01/18
[    3.561100] NET: Registered protocol family 16
[    3.623072] cpuidle: using governor ladder
[    3.690730] cpuidle: using governor menu
[    3.725340] PCCT header not found.
[    3.800342] ACPI: bus type PCI registered
[    3.812858] acpiphp: ACPI Hot Plug PCI Controller Driver version: 0.5
[    3.814122] PCI: Using configuration type 1 for base access
[    3.828786] ACPI: Added _OSI(Module Device)
[    3.848078] ACPI: Added _OSI(Processor Device)
[    3.869977] ACPI: Added _OSI(3.0 _SCP Extensions)
[    3.870851] ACPI: Added _OSI(Processor Aggregator Device)
[    3.872734] ACPI: Executed 1 blocks of module-level executable AML code
[    3.888697] ACPI: Interpreter enabled
[    3.891862] ACPI: (supports S0 S5)
[    3.894129] ACPI: Using IOAPIC for interrupt routing
[    3.895222] PCI: Using host bridge windows from ACPI; if necessary, use "pci=nocrs" and report a bug
[    3.953401] ACPI: PCI Root Bridge [PCI0] (domain 0000 [bus 00-ff])
[    3.979150] acpi PNP0A03:00: _OSC: OS supports [ASPM ClockPM Segments MSI]
[    3.983466] acpi PNP0A03:00: _OSC failed (AE_NOT_FOUND); disabling ASPM
[    4.001644] acpi PNP0A03:00: fail to add MMCONFIG information, can't access extended PCI configuration space under this bridge.
[    4.003900] PCI host bridge to bus 0000:00
[    4.006014] pci_bus 0000:00: root bus resource [io  0x0000-0x0cf7 window]
[    4.007386] pci_bus 0000:00: root bus resource [io  0x0d00-0xffff window]
[    4.011530] pci_bus 0000:00: root bus resource [mem 0x000a0000-0x000bffff window]
[    4.012958] pci_bus 0000:00: root bus resource [mem 0x40000000-0xffdfffff window]
[    4.014438] pci_bus 0000:00: root bus resource [bus 00-ff]
[    4.017123] pci 0000:00:01.1: legacy IDE quirk: reg 0x10: [io  0x01f0-0x01f7]
[    4.035382] pci 0000:00:01.1: legacy IDE quirk: reg 0x14: [io  0x03f6]
[    4.036628] pci 0000:00:01.1: legacy IDE quirk: reg 0x18: [io  0x0170-0x0177]
[    4.037845] pci 0000:00:01.1: legacy IDE quirk: reg 0x1c: [io  0x0376]
[    4.061567] ACPI: PCI Interrupt Link [LNKA] (IRQs 5 9 10 11) *0, disabled.
[    4.075430] ACPI: PCI Interrupt Link [LNKB] (IRQs 5 9 10 *11)
[    4.076897] ACPI: PCI Interrupt Link [LNKC] (IRQs 5 9 *10 11)
[    4.078400] ACPI: PCI Interrupt Link [LNKD] (IRQs 5 *9 10 11)
[    4.079944] ACPI: Enabled 2 GPEs in block 00 to 07
[    4.081349] vgaarb: setting as boot device: PCI:0000:00:02.0
[    4.082355] vgaarb: device added: PCI:0000:00:02.0,decodes=io+mem,owns=io+mem,locks=none
[    4.106982] vgaarb: loaded
[    4.112921] vgaarb: bridge control possible 0000:00:02.0
[    4.114378] SCSI subsystem initialized
[    4.116447] ACPI: bus type USB registered
[    4.144466] usbcore: registered new interface driver usbfs
[    4.145510] usbcore: registered new interface driver hub
[    4.146560] usbcore: registered new device driver usb
[    4.193400] PCI: Using ACPI for IRQ routing
[    4.199954] NetLabel: Initializing
[    4.232216] NetLabel:  domain hash size = 128
[    4.233109] NetLabel:  protocols = UNLABELED CIPSOv4
[    4.234088] NetLabel:  unlabeled traffic allowed by default
[    4.235400] amd_nb: Cannot enumerate AMD northbridges
[    4.236389] clocksource: Switched to clocksource kvm-clock
[   .24473 AArr:ppmoFilest Ebl
  4.98] p:nPCPin
  5.304]npPnACI:ound 3 devices
[    5.617917] clocksource: acpi_pm: mask: 0xffffff max_cycles: 0xffffff, max_idle_ns: 2085701024 ns
[    5.625740] NET: Registered protocol family 2
[    5.655104] TCP established hash table entries: 8192 (order: 4, 65536 bytes)
[    5.656293] TCP bind hash table entries: 8192 (order: 5, 131072 bytes)
[    5.657520] TCP: Hash tables configured (established 8192 bind 8192)
[    5.804594] UDP hash table entries: 512 (order: 2, 16384 bytes)
[    5.805700] UDP-Lite hash table entries: 512 (order: 2, 16384 bytes)
[    5.806916] NET: Registered protocol family 1
[    5.954770] pci 0000:00:00.0: Limiting direct PCI/PCI transfers
[    5.955831] pci 0000:00:01.0: Activating ISA DMA hang workarounds
[    5.957097] Unpacking initramfs...
[    7.851536] Freeing initrd memory: 10792K
[    7.864981] RAPL PMU detected, API unit is 2^-32 Joules, 3 fixed counters 10737418240 ms ovfl timer
[    7.866805] hw unit of domain pp0-core 2^-0 Joules
[    7.906131] hw unit of domain package 2^-0 Joules
[    7.934220] hw unit of domain pp1-gpu 2^-0 Joules
[    8.064644] platform rtc_cmos: registered platform RTC device (no PNP device found)
[    8.086982] Scanning for low memory corruption every 60 seconds
[    8.164357] audit: initializing netlink subsys (disabled)
[    8.165416] audit: type=2000 audit(1517487626.060:1): initialized
[    8.174889] Initialise system trusted keyring
[    8.195006] HugeTLB registered 2 MB page size, pre-allocated 0 pages
[    8.206142] zbud: loaded
[    8.207103] VFS: Disk quotas dquot_6.6.0
[    8.207937] VFS: Dquot-cache hash table entries: 512 (order 0, 4096 bytes)
[    8.275158] squashfs: version 4.0 (2009/01/31) Phillip Lougher
[    8.276716] fuse init (API version 7.23)
[    8.280137] Key type big_key registered
[    8.281010] Allocating IMA MOK and blacklist keyrings.
[    8.284649] Key type asymmetric registered
[    8.435699] Asymmetric key parser 'x509' registered
[    8.524740] Block layer SCSI generic (bsg) driver version 0.4 loaded (major 249)
[    8.581793] io scheduler noop registered
[    8.614846] io scheduler deadline registered (default)
[    8.615884] io scheduler cfq registered
[    8.616813] pci_hotplug: PCI Hot Plug PCI Core version: 0.5
[    8.774702] pciehp: PCI Express Hot Plug Controller Driver version: 0.4
[    8.832981] ACPI: AC Adapter [AC] (on-line)
[    8.884523] input: Power Button as /devices/LNXSYSTM:00/LNXPWRBN:00/input/input0
[    8.914355] ACPI: Power Button [PWRF]
[    8.915199] input: Sleep Button as /devices/LNXSYSTM:00/LNXSLPBN:00/input/input1
[    8.935013] ACPI: Sleep Button [SLPF]
[    9.030015] GHES: HEST is not enabled!
[    9.124638] tsc: Refined TSC clocksource calibration: 2692.274 MHz
[    9.125873] clocksource: tsc: mask: 0xffffffffffffffff max_cycles: 0x26cebc3005a, max_idle_ns: 440795295208 ns
[    9.225115] Serial: 8250/16550 driver, 32 ports, IRQ sharing enabled
[    9.266992] 00:02: ttyS0 at I/O 0x3f8 (irq = 4, base_baud = 115200) is a 16550A
[    9.506479] Linux agpgart interface v0.103
[    9.527222] loop: module loaded
[    9.625149] scsi host0: ata_piix
[    9.655017] scsi host1: ata_piix
[    9.711117] ata1: PATA max UDMA/33 cmd 0x1f0 ctl 0x3f6 bmdma 0xd000 irq 14
[    9.854668] ata2: PATA max UDMA/33 cmd 0x170 ctl 0x376 bmdma 0xd008 irq 15
[    9.865396] libphy: Fixed MDIO Bus: probed
[    9.960914] tun: Universal TUN/TAP device driver, 1.6
[   10.224519] tun: (C) 1999-2004 Max Krasnyansky <maxk@qualcomm.com>
[   10.403784] PPP generic driver version 2.4.2
[   10.415013] ehci_hcd: USB 2.0 'Enhanced' Host Controller (EHCI) Driver
[   10.416168] ehci-pci: EHCI PCI platform driver
[   10.424516] ehci-platform: EHCI generic platform driver
[   10.538455] ohci_hcd: USB 1.1 'Open' Host Controller (OHCI) Driver
[   10.582826] ohci-pci: OHCI PCI platform driver
[   10.583830] ohci-platform: OHCI generic platform driver
[   10.774716] uhci_hcd: USB Universal Host Controller Interface driver
[   10.854751] i8042: PNP: PS/2 Controller [PNP0303:PS2K,PNP0f03:PS2M] at 0x60,0x64 irq 1,12
[   11.122539] serio: i8042 KBD port at 0x60,0x64 irq 1
[   11.225012] serio: i8042 AUX port at 0x60,0x64 irq 12
[   11.294902] mousedev: PS/2 mouse device common for all mice
[   11.329993] input: AT Translated Set 2 keyboard as /devices/platform/i8042/serio0/input/input2
[   11.411488] rtc_cmos rtc_cmos: rtc core: registered rtc_cmos as rtc0
[   11.412684] rtc_cmos rtc_cmos: alarms up to one day, 114 bytes nvram
[   11.435837] i2c /dev entries driver
[  1.437791] device-mapper: uevent: version 1.0.3
[   11.655931] device-mapper: ioctl: 4.34.0-ioctl (2015-10-28) initialised: dm-devel@redhat.com
[   11.741499] ledtrig-cpu: registered to indicate activity on CPUs
[   11.748646] NET: Registered protocol family 10
[   11.749821] NET: Registered protocol family 17
[   11.821071] Key type dns_resolver registered
[   11.878259] microcode: CPU0 sig=0x306a9, pf=0x2, revision=0x19
[   11.909531] microcode: CPU1 sig=0x306a9, pf=0x2, revision=0x19
[   11.910820] microcode: Microcode Update Driver: v2.01 <tigran@aivazian.fsnet.co.uk>, Peter Oruba
[   11.913000] registered taskstats version 1
[   11.923674] Loading compiled-in X.509 certificates
[   11.962968] Loaded X.509 cert 'Build time autogenerated kernel key: 4c603087bab8f0a02cb3b4e1fb4c40f507e71ef1'
[   12.021535] zswap: loaded using pool lzo/zbud
[   12.025199] Key type trusted registered
[   12.078563] Key type encrypted registered
[   12.127138] AppArmor: AppArmor sha1 policy hashing enabled
[   12.157118] ima: No TPM chip found, activating TPM-bypass!
[   12.174774] evm: HMAC attrs: 0x1
[   12.194610]   Magic number: 6:591:328
[   12.195521] rtc_cmos rtc_cmos: setting system clock to 2018-02-01 12:20:28 UTC (1517487628)
[   12.197470] BIOS EDD facility v0.16 2004-Jun-25, 0 devices found
[   12.218453] EDD information not available.
[   12.220732] Freeing unused kernel memory: 1508K
[   12.244113] Write protecting the kernel read-only data: 14336k
[   12.250051] Freeing unused kernel memory: 1728K
[   12.329321] Freeing unused kernel memory: 108K
Loading, please wait...
starting version 229
[   12.347294] random: systemd-udevd: uninitialized urandom read (16 bytes read, 3 bits of entropy available)
[   12.347937] random: udevadm: uninitialized urandom read (16 bytes read, 3 bits of entropy available)
[   12.347971] random: udevadm: uninitialized urandom read (16 bytes read, 3 bits of entropy available)
[   12.364328] random: udevadm: uninitialized urandom read (16 bytes read, 3 bits of entropy available)
[   12.364392] random: udevadm: uninitialized urandom read (16 bytes read, 3 bits of entropy available)
[   12.364621] random: udevadm: uninitialized urandom read (16 bytes read, 3 bits of entropy available)
[   12.364716] random: udevadm: uninitialized urandom read (16 bytes read, 3 bits of entropy available)
[   12.364818] random: udevadm: uninitialized urandom read (16 bytes read, 3 bits of entropy available)
[   12.364905] random: udevadm: uninitialized urandom read (16 bytes read, 3 bits of entropy available)
[   12.365073] random: udevadm: uninitialized urandom read (16 bytes read, 3 bits of entropy available)
[   12.787918] e1000: Intel(R) PRO/1000 Network Driver - version 7.3.21-k8-NAPI
[   12.825262] e1000: Copyright (c) 1999-2006 Intel Corporation.
[   12.834977] Fusion MPT base driver 3.04.20
[   12.905924] Copyright (c) 1999-2008 LSI Corporation
[   13.021127] Fusion MPT SPI Host driver 3.04.20
[   13.135606] AVX version of gcm_enc/dec engaged.
[   13.152477] AES CTR mode by8 optimization enabled
[   13.206394] input: ImExPS/2 Generic Explorer Mouse as /devices/platform/i8042/serio1/input/input4
[   13.464479] e1000 0000:00:03.0 eth0: (PCI:33MHz:32-bit) 02:1f:2a:60:99:e3
[   13.581269] e1000 0000:00:03.0 eth0: Intel(R) PRO/1000 Network Connection
[   13.583617] mptbase: ioc0: Initiating bringup
[   13.584428] e1000 0000:00:03.0 enp0s3: renamed from eth0
[   13.808882] ioc0: LSI53C1030 A0: Capabilities={Initiator}
[   14.071015] scsi host2: ioc0: LSI53C1030 A0, FwRev=00000000h, Ports=1, MaxQ=256, IRQ=20
[   14.277131] scsi 2:0:0:0: Direct-Access     VBOX     HARDDISK         1.0  PQ: 0 ANSI: 5
[   14.285737] scsi target2:0:0: Beginning Domain Validation
[   14.361726] scsi target2:0:0: Domain Validation skipping write tests
[   14.365278] scsi target2:0:0: Ending Domain Validation
[   14.377147] scsi target2:0:0: asynchronous
[   14.378390] scsi 2:0:1:0: Direct-Access     VBOX     HARDDISK         1.0  PQ: 0 ANSI: 5
[   14.379924] scsi target2:0:1: Beginning Domain Validation
[   14.409987] scsi target2:0:1: Domain Validation skipping write tests
[   14.413565] scsi target2:0:1: Ending Domain Validation
[   14.414556] scsi target2:0:1: asynchronous
[   14.424238] sd 2:0:0:0: [sda] 20971520 512-byte logical blocks: (10.7 GB/10.0 GiB)
[   14.503894] sd 2:0:0:0: Attached scsi generic sg0 type 0
[   14.526334] sd 2:0:0:0: [sda] Write Protect is off
[   14.527084] sd 2:0:1:0: Attached scsi generic sg1 type 0
[   14.527323] sd 2:0:1:0: [sdb] 20480 512-byte logical blocks: (10.5 MB/10.0 MiB)
[   14.527501] sd 2:0:1:0: [sdb] Write Protect is off
[   14.527592] sd 2:0:1:0: [sdb] Incomplete mode parameter data
[   14.527593] sd 2:0:1:0: [sdb] Assuming drive cache: write through
[   14.538966] sd 2:0:0:0: [sda] Incomplete mode parameter data
[   14.567660] sd 2:0:1:0: [sdb] Attached SCSI disk
[   14.872381] sd 2:0:0:0: [sda] Assuming drive cache: write through
[   15.107482]  sda: sda1
[   15.275405] sd 2:0:0:0: [sda] Attached SCSI disk
[   15.804580] floppy0: no floppy controllers found
Begin: Loading essential drivers[   17.266679] md: linear personality registered for level -1
 ... [   17.299345] md: multipath personality registered for level -4
[   17.306265] md: raid0 personality registered for level 0
[   17.437259] md: raid1 personality registered for level 1
[   17.536466] raid6: sse2x1   gen()  7469 MB/s
[   17.608424] raid6: sse2x1   xor()  6088 MB/s
[   17.724441] raid6: sse2x2   gen()  9512 MB/s
[   17.812430] raid6: sse2x2   xor()  6708 MB/s
[   17.960436] raid6: sse2x4   gen() 10963 MB/s
[   18.108426] raid6: sse2x4   xor()  8013 MB/s
[   18.122293] raid6: using algorithm sse2x4 gen() 10963 MB/s
[   18.123315] raid6: .... xor() 8013 MB/s, rmw enabled
[   18.141071] raid6: using ssse3x2 recovery algorithm
[   18.159305] xor: automatically using best checksumming function:
[   18.445115]    avx       : 38655.000 MB/sec
[   18.666402] async_tx: api initialized (async)
[   18.686868] md: raid6 personality registered for level 6
[   18.704758] md: raid5 personality registered for level 5
[   18.742580] md: raid4 personality registered for level 4
[   18.760653] md: raid10 personality registered for level 10
done.
Begin: Running /scripts/init-premount ... done.
Begin: Mounting root file system ... Begin: Running /scr[   18.811899] Btrfs loaded
ipts/local-top ... done.
Begin: Running /scripts/local-premount ... Scanning for Btrfs filesystems
done.
Warning: fsck not present, so skipping root file system
[   18.956124] EXT4-fs (sda1): mounted filesystem with ordered data mode. Opts: (null)
done.
Begin: Running /scripts/local-bottom ... done.
Begin: Running /scripts/init-bottom ... done.
[   19.574028] systemd[1]: systemd 229 running in system mode. (+PAM +AUDIT +SELINUX +IMA +APPARMOR +SMACK +SYSVINIT +UTMP +LIBCRYPTSETUP +GCRYPT +GNUTLS +ACL +XZ -LZ4 +SECCOMP +BLKID +ELFUTILS +KMOD -IDN)
[   19.728007] systemd[1]: Detected virtualization oracle.
[   19.729029] systemd[1]: Detected architecture x86-64.

Welcome to [1mUbuntu 16.04.3 LTS[0m!

[   19.887240] systemd[1]: Set hostname to <ubuntu>.
[   20.294651] systemd[1]: Initializing machine ID from random generator.
[   20.664809] systemd[1]: Installed transient /etc/machine-id file.
[   20.988236] random: nonblocking pool is initialized
[   21.401243] systemd[1]: Started Forward Password Requests to Wall Directory Watch.
[[0;32m  OK  [0m] Started Forward Password Requests to Wall Directory Watch.
[   21.468805] systemd[1]: Listening on udev Control Socket.
[[0;32m  OK  [0m] Listening on udev Control Socket.
[   21.557011] systemd[1]: Reached target Encrypted Volumes.
[[0;32m  OK  [0m] Reached target Encrypted Volumes.
[   21.564814] systemd[1]: Listening on /dev/initctl Compatibility Named Pipe.
[[0;32m  OK  [0m] Listening on /dev/initctl Compatibility Named Pipe.
[   21.712771] systemd[1]: Listening on Journal Socket.
[[0;32m  OK  [0m] Listening on Journal Socket.
[   21.815170] systemd[1]: Reached target Swap.
[[0;32m  OK  [0m] Reached target Swap.
[   22.056848] systemd[1]: Started Trigger resolvconf update for networkd DNS.
[[0;32m  OK  [0m] Started Trigger resolvconf update for networkd DNS.
[   22.148717] systemd[1]: Listening on LVM2 poll daemon socket.
[[0;32m  OK  [0m] Listening on LVM2 poll daemon socket.
[   22.246927] systemd[1]: Listening on LVM2 metadata daemon socket.
[[0;32m  OK  [0m] Listening on LVM2 metadata daemon socket.
[   22.352741] systemd[1]: Listening on Syslog Socket.
[[0;32m  OK  [0m] Listening on Syslog Socket.
[   22.436111] systemd[1]: Listening on udev Kernel Socket.
[[0;32m  OK  [0m] Listening on udev Kernel Socket.
[   22.456852] systemd[1]: Listening on Journal Socket (/dev/log).
[[0;32m  OK  [0m] Listening on Journal Socket (/dev/log).
[   22.576769] systemd[1]: Listening on Device-mapper event daemon FIFOs.
[[0;32m  OK  [0m] Listening on Device-mapper event daemon FIFOs.
[   22.796688] systemd[1]: Listening on Journal Audit Socket.
[[0;32m  OK  [0m] Listening on Journal Audit Socket.
[   22.798845] systemd[1]: Set up automount Arbitrary Executable File Formats File System Automount Point.
[[0;32m  OK  [0m] Set up automount Arbitrary Executab...ats File System Automount Point.
[   22.856724] systemd[1]: Reached target User and Group Name Lookups.
[[0;32m  OK  [0m] Reached target User and Group Name Lookups.
[   22.996825] systemd[1]: Created slice User and Session Slice.
[[0;32m  OK  [0m] Created slice User and Session Slice.
[   23.345124] systemd[1]: Created slice System Slice.
[[0;32m  OK  [0m] Created slice System Slice.
[   23.431997] systemd[1]: Mounting POSIX Message Queue File System...
         Mounting POSIX Message Queue File System...
[   23.466170] systemd[1]: Starting Create list of required static device nodes for the current kernel...
         Starting Create list of required st... nodes for the current kernel...
[   23.920765] systemd[1]: Starting Monitoring of LVM2 mirrors, snapshots etc. using dmeventd or progress polling...
         Starting Monitoring of LVM2 mirrors... dmeventd or progress polling...
[   24.051143] systemd[1]: Starting Remount Root and Kernel File Systems...
         Starting Remount Root and Kernel File Systems...
[   24.290440] EXT4-fs (sda1): re-mounted. Opts: (null)
[   24.310030] systemd[1]: Created slice system-serial\x2dgetty.slice.
[[0;32m  OK  [0m] Created slice system-serial\x2dgetty.slice.
[   24.374776] systemd[1]: Reached target Slices.
[[0;32m  OK  [0m] Reached target Slices.
[   24.480610] systemd[1]: Mounting Debug File System...
         Mounting Debug File System...
[   24.788812] systemd[1]: Starting Load Kernel Modules...
[   24.875208] Loading iSCSI transport class v2.0-870.
         Starting Load Kernel Modules...
[   24.884166] systemd[1]: Starting Nameserver information manager...
         Starting Nameserver information manager...
[   24.932894] systemd[1]: Starting Uncomplicated firewall...
         Starting Uncomplicated [   24.984869] iscsi: registered transport (tcp)
firewall...
[   25.108713] systemd[1]: Starting Journal Service...
         Starting Journal Service...
[   25.196626] systemd[1]: Mounting Huge Pages File System...
[   25.215146] iscsi: registered transport (iser)
         Mounting Huge Pages File System...
[   25.223559] systemd[1]: Starting Set console keymap...
         Starting Set console keymap...
[   25.309961] systemd[1]: Mounted Huge Pages File System.
[[0;32m  OK  [0m] Mounted Huge Pages File System.
[   25.355750] systemd[1]: Mounted Debug File System.
[[0;32m  OK  [0m] Mounted Debug File System.
[   25.376796] systemd[1]: Mounted POSIX Message Queue File System.
[[0;32m  OK  [0m] Mounted POSIX Message Queue File System.
[ 25524966 systemd[1]: Started Journal Service.
[[0;32m  OK  [0m] Started Journal Service.
[[0;32m  OK  [0m] Started Create list of required sta...ce nodes for the current kernel.
[[0;32m  OK  [0m] Started Remount Root and Kernel File Systems.
[[0;32m  OK  [0m] Started Load Kernel Modules.
[[0;32m  OK  [0m] Started Uncomplicated firewall.
[[0;32m  OK  [0m] Started Set console keymap.
[[0;32m  OK  [0m] Started Nameserver information manager.
[[0;32m  OK  [0m] Started LVM2 metadata daemon.
         Starting Apply Kernel Variables...
         Mounting FUSE Control File System...
         Starting Initial cloud-init job (pre-networking)...
         Starting udev Coldplug all Devices...
         Starting Load/Save Random Seed...
         Starting Create Static Device Nodes in /dev...
         Starting Flush Journal to Persistent Storage...
[[0;32m  OK  [0m] Mounted FUSE Control File System.
[[0;32m  OK  [0m] Started Apply Kernel Variables.
[[0;32m  OK  [0m] Started Load/Save Random Seed.
[[0;32m  OK  [0m] Started Create Static Device Nodes in /dev.
[[0;32m  OK  [0m] Started udev Coldplug all Devices.
         Starting udev Kernel Device Manager...
[[0;32m  OK  [0m] Started Flush Journal to Persistent Storage.
[[0;32m  OK  [0m] Started udev Kernel Device Manager.
[[0;32m  OK  [0m] Started Monitoring of LVM2 mirrors,...ng dmeventd or progress polling.
[[0;32m  OK  [0m] Started Dispatch Password Requests to Console Directory Watch.
[[0;32m  OK  [0m] Reached target Local File Systems (Pre).
[[0;32m  OK  [0m] Reached target Local File Systems.
         Starting Set console font and keymap...
         Starting LSB: AppArmor initialization...
         Starting Commit a transient machine-id on disk...
         Starting Create Volatile Files and Directories...
         Starting Tell Plymouth To Write Out Runtime Data...
[[0;32m  OK  [0m] Started Tell Plymouth To Write Out Runtime Data.
[[0;32m  OK  [0m] Started Commit a transient machine-id on disk.
[[0;32m  OK  [0m] Started Create Volatile Files and Directories.
[[0;32m  OK  [0m] Found device /dev/ttyS0.
         Starting Update UTMP about System Boot/Shutdown...
[[0;32m  OK  [0m] Reached target System Time Synchronized.
[[0;32m  OK  [0m] Started Update UTMP about System Boot/Shutdown.
[[0;32m  OK  [0m] Listening on Load/Save RF Kill Switch Status /dev/rfkill Watch.
[[0;32m  OK  [0m] Started LSB: AppArmor initialization.
[[0;32m  OK  [0m] Started Set console font and keymap.
[[0;32m  OK  [0m] Created slice system-getty.slice.
[   25.494777] cloud-init[448]: Cloud-init v. 17.1 running 'init-local' at Thu, 01 Feb 2018 12:20:45 +0000. Up 24.97 seconds.
[[0;32m  OK  [0m] Started Initial cloud-init job (pre-networking).
[[0;32m  OK  [0m] Reached target Network (Pre).
         Starting Raise network interfaces...
[[0;32m  OK  [0m] Started Raise network interfaces.
[[0;32m  OK  [0m] Reached target Network.
         Starting Initial cloud-init job (metadata service crawler)...
[   28.218582] cloud-init[939]: Cloud-init v. 17.1 running 'init' at Thu, 01 Feb 2018 12:20:46 +0000. Up 26.72 seconds.
[   28.342377] cloud-init[939]: ci-info: +++++++++++++++++++++++++++++++++++++Net device info++++++++++++++++++++++++++++++++++++++
[[0;32m  OK  [0m] Started Initial cloud-init job (metadata service crawler).
[[   28.519561] cloud-init[939]: ci-info: +--------+------+----------------------------+---------------+-------+-------------------+
[0;32m  OK  [0m] Reached target System Initialization.
[   28.570421] cloud-init[939]: ci-info: | Device |  Up  |          Address           |      Mask     | Scope |     Hw-Address    |
[   28.692508] cloud-init[939]: ci-info: +--------+------+----------------------------+---------------+-------+-------------------+
[[0;32m  OK  [0m] Listening on UUID daemon activation socket.
[[   28.692989] cloud-init[939]: ci-info: | enp0s3 | True |         10.0.2.15          | 255.255.255.0 |   .   | 02:1f:2a:60:99:e3 |
[   28.774314] cloud-init[939]: ci-info: | enp0s3 | True | fe80::1f:2aff:fe60:99e3/64 |       .       |  link | 02:1f:2a:60:99:e3 |
[   28.774693] cloud-init[939]: ci-info: |   lo   | True |         127.0.0.1          |   255.0.0.0   |   .   |         .         |
[   28.774991] cloud-init[939]: ci-info: |   lo   | True |          ::1/128           |       .       |  host |         .         |
[   28.775291] cloud-init[939]: ci-info: +--------+------+----------------------------+---------------+-------+-------------------+
[0;32m  OK  [0m] Listening on D-Bus System Message Bus Socket.
[[   28.775475] cloud-init[939]: ci-info: +++++++++++++++++++++++++++Route IPv4 info++++++++++++++++++++++++++++
[0;32m  OK  [0m] Listening on ACPID Listen Socket.
[   29.249132] cloud-init[939]: ci-info: +-------+-------------+----------+---------------+-----------+-------+
[   29.296400] cloud-init[939]: ci-info: | Route | Destination | Gateway  |    Genmask    | Interface | Flags |
[   29.296772] cloud-init[939]: ci-info: +-------+-------------+----------+---------------+-----------+-------+
         Starting Socket activation for snappy daemon.
[   29.296915] cloud-init[939]: ci-info: |   0   |   0.0.0.0   | 10.0.2.2 |    0.0.0.0    |   enp0s3  |   UG  |
[   29.596552] cloud-init[939]: ci-info: |   1   |   10.0.2.0  | 0.0.0.0  | 255.255.255.0 |   enp0s3  |   U   |
[   29.596901] cloud-init[939]: ci-info: +-------+-------------+----------+---------------+-----------+-------+
[[0;32m  OK  [0m] Started ACPI Events Check.
[[   29.597051] cloud-init[939]: Generating public/private rsa key pair.
[   29.724377] cloud-init[939]: Your identification has been saved in /etc/ssh/ssh_host_rsa_key.
[   29.724705] cloud-init[939]: Your public key has been saved in /etc/ssh/ssh_host_rsa_key.pub.
[0;32m  OK  [0m] Reached target Paths.
[[   29.724858] cloud-init[939]: The key fingerprint is:
[   29.896995] cloud-init[939]: SHA256:SvEf+H24XLxZopP4jCYQjCOzSGZK1mWX97YAs89gJo4 root@ubuntu-xenial
[0;32m  OK  [0m] Started Daily Cleanup of Temporary Directories.
[   29.897205] cloud-init[939]: The key's randomart image is:
[   29.936488] cloud-init[939]: +---[RSA 2048]----+
[   29.936846] cloud-init[939]: |        .        |
[[0;32m  OK  [0m] Started Timer to automatically refresh installed snaps.
[   29.936980] cloud-init[939]: |     o = .       |
[   30.092985] cloud-init[939]: |  . ooo = .      |
[   30.093338] cloud-init[939]: | *o.o.oB o o     |
         Starting LXD - unix socket.
[[   30.093471] cloud-init[939]: |B. +o.=.S + .    |
[0;32m  OK  [0m] Reached target Network is Online.
[   30.141110] cloud-init[939]: |o .E o.. = + o   |
[   30.191672] cloud-init[939]: |      ..  o.o.= .|
[   30.192117] cloud-init[939]: |        . o+o= = |
[   30.192412] cloud-init[939]: |         o..*.o  |
         Starting iSCSI initiator daemon (iscsid)...
[[   30.193288] cloud-init[939]: +----[SHA256]-----+
[   30.252988] cloud-init[939]: Generating public/private dsa key pair.
[0;32m  OK  [0m] Started Daily apt download activities.
[   30.253105] cloud-init[939]: Your identification has been saved in /etc/ssh/ssh_host_dsa_key.
[   30.324895] cloud-init[939]: Your public key has been saved in /etc/ssh/ssh_host_dsa_key.pub.
[[0;32m  OK  [0m] Started Daily apt upgrade and clean activities.
[   30.325000] cloud-init[939]: The key fingerprint is:
[   30.520987] cloud-init[939]: SHA256:8zYAxvj0n7Zi2Ebd4xWVBbRqJejV6jtqQPt29hpzKrA root@ubuntu-xenial
[[0;32m  OK  [0m] Reached target Timers.
[   30.521101] cloud-init[939]: The key's randomart image is:
[[0;32m  OK  [0m] Reached target Cloud-config availability.
[   30.603037] cloud-init[939]: +---[DSA 1024]----+
[   30.704480] cloud-init[939]: |             .o.+|
[   30.704929] cloud-init[939]: |     o     . . o.|
[[0;32m  OK  [0m] Listening on Socket activation for snappy daemon.
[[   30.705072] cloud-init[939]: |    . =   . o +. |
[0;32m  OK  [0m] Listening on LXD - unix socket.
[   30.765461] cloud-init[939]: |     + o.. . =.  |
[   30.791974] cloud-init[939]: |      ..So..+  . |
[   30.824342] cloud-init[939]: |        ==.+o .  |
[   30.868445] cloud-init[939]: |       + =B.+o.  |
[   30.936405] cloud-init[939]: |      . Eo=o=*   |
[   31.240118] cloud-init[939]: |       o +o=++.  |
[   31.248947] cloud-init[939]: +----[SHA256]-----+
[   31.264396] cloud-init[939]: Generating public/private ecdsa key pair.
[   31.487645] [[0;32m  OK  [0m] Reached target Sockets.
[[0;32m  OK  [0m] Reached target Basic System.
cloud-init[939]: Your identification has been saved in /etc/ssh/ssh_host_ecdsa_key.
[   31.503234] cloud-init[939]: Your public key has been saved in /etc/ssh/ssh_host_ecdsa_key.pub.         Starting Accounts Service...
         Starting LSB: MD monitoring daemon...
[[0;32m  OK  [0m] Started FUSE filesystem for LXC.
         Starting LXD - container startup/shutdown...

[   31.552344] cloud-init[939]: The key fingerprint is:
[   31.552569] cloud-init[939]: SHA256:2t37Vo7gVTryVirR8vviRFW1WZl9QdDA73RUQDlM7Jw root@ubuntu-xenial
         Starting LSB: Record successful boot for GRUB...
[   31.552690] cloud-init[939]: The key's randomart image is:
[   31.656609] [cloud-init[0;32m  OK  [0m[939]: ] +---[ECDSA 256]---+Started Regular background program processing daemon.

[   31.657153] cloud-init[939]: |            .BO=%|
[   31.782237]          cloud-initStarting Apply the settings specified in cloud-config...[939]: 
|             .=+O|
[   31.968369] [cloud-init[0;32m  OK  [0m[939]: ] |             o.*o|Started D-Bus System Message Bus.

[   31.968815] cloud-init[939]: |              E+o|
[   32.071964] cloud-init[939]: |        S    .+o.|
[   32.073331] cloud-init[939]: |       o . .=.=.o|
         Starting Snappy daemon...
[   32.100815] cloud-init[939]: |      . . ...O.B |
[   32.109790]          cloud-initStarting Login Service...[939]: 
|            ooO .|
[   32.147162] [cloud-init[0;32m  OK  [0m[939]: ] |            .*++.|Started ACPI event daemon.

[[0;32m  OK  [0m] Started Unattended Upgrades Shutdown.
[   32.147568] cloud-init[939]: +----[SHA256]-----+
[   32.233537]          Starting /etc/rc.local Compatibility...
cloud-init[939]: Generating public/private ed25519 key pair.
[   32.274861] [cloud-init[0;32m  OK  [0m[939]: ] Your identification has been saved in /etc/ssh/ssh_host_ed25519_key.Started Deferred execution scheduler.

[   32.367053]          cloud-initStarting Pollinate to seed the pseudo random number generator...[939]: 
Your public key has been saved in /etc/ssh/ssh_host_ed25519_key.pub.
[   32.418314]          cloud-initStarting System Logging Service...[939]: 
The key fingerprint is:
[   32.442692] [[0;32m  OK  [0m] Started iSCSI initiator daemon (iscsid).
cloud-init[939]: SHA256:X+g2IyoQ1B/CV0zY/7Rh+LPEBo4OsiAsLYLtPhR4GGc root@ubuntu-xenial
[   32.496924] [cloud-init[0;32m  OK  [0m[939]: ] The key's randomart image is:Started LXD - container startup/shutdown.

[   32.497228] cloud-init[939]: +--[ED25519 256]--+
[   32.572400] [cloud-init[0;32m  OK  [0m[939]: ] |   o   *o        |Started /etc/rc.local Compatibility.

[   32.575359] [[0;32m  OK  [0m] Started System Logging Service.
cloud-init[939]: |. E + + o        |
[   32.696902]          cloud-initStarting Authenticate and Authorize Users to Run Privileged Tasks...[939]: 
| B   + . . .     |
         Starting Login to default iSCSI targets...
[[0;32m  OK  [0m] Started LSB: MD monitoring daemon.
[[0;32m  OK  [0m] Started LSB: Record successful boot for GRUB.
[[0;32m  OK  [0m] Started Login Service.
[[0;32m  OK  [0m] Started Authenticate and Authorize Users to Run Privileged Tasks.
[[0;32m  OK  [0m] Started Snappy daemon.
[[0;32m  OK  [0m] Started Accounts Service.
[   32.818697] cloud-init[939]: |o +   .   +.+    |
[   33.044367] cloud-init[939]: |o+ o    So.B.o   |
[[0;32m  OK  [0m] Started Login to default iSCSI targets.
[   33.099814] cloud-init[939]: |*.* . . .o..O    |
[   33.173954] cloud-init[939]: |o= o o o. *o o   |
[[0;32m  OK  [0m] Reached target Remote File Systems (Pre).
[[0;32m  OK  [0m] Reached target Remote File Systems.
[   33.204504] cloud-init[939]: |  o o  ..o o.    |
[   33.324317] cloud-init[939]: | ... ..          |
[   33.324436] cloud-init[939]: +----[SHA256]-----+
         Starting LSB: VirtualBox Linux Additions...
[   33.332669] cloud-init[1062]: Generating locales (this might take a while)...
         Starting Permit User Sessions...
         Starting LSB: daemon to balance interrupts for SMP systems...
         Starting LSB: Set the CPU Frequency Scaling governor to "ondemand"...
         Starting LSB: automatic crash report generation...
[[0;32m  OK  [0m] Started Pollinate to seed the pseudo random number generator.
[   33.745873] cloud-init[1062]:   en_US.UTF-8... done
[   33.772997] cloud-init[1062]: Generation complete.
[[0;32m  OK  [0m] Started Permit User Sessions.
         Starting Hold until boot process finishes up...
         Starting Terminate Plymouth Boot Screen...
         Starting OpenBSD Secure Shell server...
[[0;32m  OK  [0m] Started LSB: VirtualBox Linux Additions.
[[0;32m  OK  [0m] Started LSB: daemon to balance interrupts for SMP systems.
[[0;32m  OK  [0m] Started LSB: Set the CPU Frequency Scaling governor to "ondemand".
[[0;32m  OK  [0m] Started LSB: automatic crash report generation.
[[0;32m  OK  [0m] Started Hold until boot process finishes up.
[[0;32m  OK  [0m] Started Terminate Plymouth Boot Screen.
[[0;32m  OK  [0m] Started OpenBSD Secure Shell server.
[[0;32m  OK  [0m] Started Getty on tty1.
         Starting Set console scheme...
[[0;32m  OK  [0m] Started Serial Getty on ttyS0.
[[0;32m  OK  [0m] Reached target Login Prompts.
[[0;32m  OK  [0m] Reached target Multi-User System.
[[0;32m  OK  [0m] Reached target Graphical Interface.
         Starting Update UTMP about System Runlevel Changes...
[[0;32m  OK  [0m] Started Set console scheme.
[[0;32m  OK  [0m] Started Update UTMP about System Runlevel Changes.
[   34.730787] cloud-init[1062]: Cloud-init v. 17.1 running 'modules:config' at Thu, 01 Feb 2018 12:20:52 +0000. Up 32.07 seconds.
[[0;32m  OK  [0m] Created slice User Slice of vagrant.
         Starting User Manager for UID 1000...
[[0;32m  OK  [0m] Started Session 1 of user vagrant.
[[0;32m  OK  [0m] Started User Manager for UID 1000.
[[0;32m  OK  [0m] Started Apply the settings specified in cloud-config.
         Starting Execute cloud user/final scripts...
ci-info: no authorized ssh keys fingerprints found for user ubuntu.
<14>Feb  1 12:20:55 ec2: 
<14>Feb  1 12:20:55 ec2: #############################################################
<14>Feb  1 12:20:55 ec2: -----BEGIN SSH HOST KEY FINGERPRINTS-----
<14>Feb  1 12:20:55 ec2: 1024 SHA256:8zYAxvj0n7Zi2Ebd4xWVBbRqJejV6jtqQPt29hpzKrA root@ubuntu-xenial (DSA)
<14>Feb  1 12:20:55 ec2: 256 SHA256:2t37Vo7gVTryVirR8vviRFW1WZl9QdDA73RUQDlM7Jw root@ubuntu-xenial (ECDSA)
<14>Feb  1 12:20:55 ec2: 256 SHA256:X+g2IyoQ1B/CV0zY/7Rh+LPEBo4OsiAsLYLtPhR4GGc root@ubuntu-xenial (ED25519)
<14>Feb  1 12:20:55 ec2: 2048 SHA256:SvEf+H24XLxZopP4jCYQjCOzSGZK1mWX97YAs89gJo4 root@ubuntu-xenial (RSA)
<14>Feb  1 12:20:55 ec2: -----END SSH HOST KEY FINGERPRINTS-----
<14>Feb  1 12:20:55 ec2: #############################################################
-----BEGIN SSH HOST KEY KEYS-----
ecdsa-sha2-nistp256 AAAAE2VjZHNhLXNoYTItbmlzdHAyNTYAAAAIbmlzdHAyNTYAAABBBLrOqnUhBzWwaHc6krEwzpPDaH1PpSR8OMQRNsk0YhsdcibduBqi2TNpDEq9WGalhamgUW7gQKJupns+1mlYjMQ= root@ubuntu-xenial
ssh-ed25519 AAAAC3NzaC1lZDI1NTE5AAAAIJCQiS/IGAPLgII5BYxyevqDBxtwISOFhPBJfGYN0V74 root@ubuntu-xenial
ssh-rsa AAAAB3NzaC1yc2EAAAADAQABAAABAQDZlAO8mGKZrDEF2aoOIbZWEjA6nAersWRDOYvOzTTGeqrwb8o95kBW6UE24rL3X1nYlmF21hqyn91CMTdre3xpzJdnd9qS64ZC7jpROX9jBZSOx0de+J9637q7f9ptS0b6XOPT7A/febpiKXvCwW5TA/6NhIEK4oAfW0muDCJdmfRA8bMBTRFvl9Z6DQaEF3FYQPqEsxv4zLN7Bx0l7KXwmM5vJx9vdU+/aAww6TSkVMEgQ1WT8aXNryYMUfSsLiG78q0FMnVWlc/4+TULMCLLa6XSYDBfDYlAEUJZy0D/IJBFcHm61wMq2+i3N4ok/60zCNAflHy95Btz0uUrWYMp root@ubuntu-xenial
-----END SSH HOST KEY KEYS-----
[   36.081964] cloud-init[1303]: Cloud-init v. 17.1 running 'modules:final' at Thu, 01 Feb 2018 12:20:55 +0000. Up 35.44 seconds.
[   36.145955] cloud-init[1303]: ci-info: no authorized ssh keys fingerprints found for user ubuntu.
[   36.228486] cloud-init[1303]: Cloud-init v. 17.1 finished at Thu, 01 Feb 2018 12:20:56 +0000. Datasource DataSourceNoCloud [seed=/dev/sdb][dsmode=net].  Up 36.07 seconds
[[0;32m  OK  [0m] Started Execute cloud user/final scripts.
[[0;32m  OK  [0m] Reached target Cloud-init target.

Ubuntu 16.04.3 LTS ubuntu-xenial ttyS0

ubuntu-xenial login: 